# JRE version: OpenJDK Runtime Environment (8.0_152-b06) (build 1.8.0_152-release-1136-b06)
# Java VM: OpenJDK 64-Bit Server VM (25.152-b06 mixed mode linux-amd64 compressed oops)
Heap:
 PSYoungGen      total 444928K, used 8160K [0x00000000e0000000, 0x0000000100000000, 0x0000000100000000)
  eden space 365568K, 0% used [0x00000000e0000000,0x00000000e0000000,0x00000000f6500000)
  from space 79360K, 10% used [0x00000000f6500000,0x00000000f6cf81e0,0x00000000fb280000)
  to   space 79360K, 0% used [0x00000000fb280000,0x00000000fb280000,0x0000000100000000)
 ParOldGen       total 265728K, used 263784K [0x00000000a0000000, 0x00000000b0380000, 0x00000000e0000000)
  object space 265728K, 99% used [0x00000000a0000000,0x00000000b019a3f8,0x00000000b0380000)
 Metaspace       used 118319K, capacity 123818K, committed 124888K, reserved 1159168K
  class space    used 14361K, capacity 15630K, committed 15832K, reserved 1048576K
GC Heap History (10 events):
Event: 1302.114 GC heap after
Heap after GC invocations=35 (full 4):
 PSYoungGen      total 453632K, used 10261K [0x00000000e0000000, 0x00000000ffa00000, 0x0000000100000000)
  eden space 391168K, 0% used [0x00000000e0000000,0x00000000e0000000,0x00000000f7e00000)
  from space 62464K, 16% used [0x00000000f7e00000,0x00000000f8805670,0x00000000fbb00000)
  to   space 59904K, 0% used [0x00000000fbf80000,0x00000000fbf80000,0x00000000ffa00000)
 ParOldGen       total 265728K, used 153148K [0x00000000a0000000, 0x00000000b0380000, 0x00000000e0000000)
  object space 265728K, 57% used [0x00000000a0000000,0x00000000a958f170,0x00000000b0380000)
 Metaspace       used 116765K, capacity 122046K, committed 122200K, reserved 1157120K
  class space    used 14177K, capacity 15427K, committed 15448K, reserved 1048576K
}
Event: 1305.269 GC heap before
{Heap before GC invocations=36 (full 4):
 PSYoungGen      total 453632K, used 400006K [0x00000000e0000000, 0x00000000ffa00000, 0x0000000100000000)
  eden space 391168K, 99% used [0x00000000e0000000,0x00000000f7c9c320,0x00000000f7e00000)
  from space 62464K, 16% used [0x00000000f7e00000,0x00000000f8805670,0x00000000fbb00000)
  to   space 59904K, 0% used [0x00000000fbf80000,0x00000000fbf80000,0x00000000ffa00000)
 ParOldGen       total 265728K, used 153148K [0x00000000a0000000, 0x00000000b0380000, 0x00000000e0000000)
  object space 265728K, 57% used [0x00000000a0000000,0x00000000a958f170,0x00000000b0380000)
 Metaspace       used 117402K, capacity 122756K, committed 122840K, reserved 1157120K
  class space    used 14234K, capacity 15516K, committed 15576K, reserved 1048576K
Event: 1305.364 GC heap after
Heap after GC invocations=36 (full 4):
 PSYoungGen      total 442880K, used 58604K [0x00000000e0000000, 0x0000000100000000, 0x0000000100000000)
  eden space 382976K, 0% used [0x00000000e0000000,0x00000000e0000000,0x00000000f7600000)
  from space 59904K, 97% used [0x00000000fbf80000,0x00000000ff8bb0c0,0x00000000ffa00000)
  to   space 70656K, 0% used [0x00000000f7600000,0x00000000f7600000,0x00000000fbb00000)
 ParOldGen       total 265728K, used 153180K [0x00000000a0000000, 0x00000000b0380000, 0x00000000e0000000)
  object space 265728K, 57% used [0x00000000a0000000,0x00000000a9597170,0x00000000b0380000)
 Metaspace       used 117402K, capacity 122756K, committed 122840K, reserved 1157120K
  class space    used 14234K, capacity 15516K, committed 15576K, reserved 1048576K
}
Event: 1309.139 GC heap before
{Heap before GC invocations=37 (full 4):
 PSYoungGen      total 442880K, used 441580K [0x00000000e0000000, 0x0000000100000000, 0x0000000100000000)
  eden space 382976K, 100% used [0x00000000e0000000,0x00000000f7600000,0x00000000f7600000)
  from space 59904K, 97% used [0x00000000fbf80000,0x00000000ff8bb0c0,0x00000000ffa00000)
  to   space 70656K, 0% used [0x00000000f7600000,0x00000000f7600000,0x00000000fbb00000)
 ParOldGen       total 265728K, used 153180K [0x00000000a0000000, 0x00000000b0380000, 0x00000000e0000000)
  object space 265728K, 57% used [0x00000000a0000000,0x00000000a9597170,0x00000000b0380000)
 Metaspace       used 118410K, capacity 124006K, committed 124248K, reserved 1157120K
  class space    used 14374K, capacity 15681K, committed 15704K, reserved 1048576K
Event: 1309.164 GC heap after
Heap after GC invocations=37 (full 4):
 PSYoungGen      total 453632K, used 2717K [0x00000000e0000000, 0x0000000100000000, 0x0000000100000000)
  eden space 382976K, 0% used [0x00000000e0000000,0x00000000e0000000,0x00000000f7600000)
  from space 70656K, 3% used [0x00000000f7600000,0x00000000f78a75f8,0x00000000fbb00000)
  to   space 69120K, 0% used [0x00000000fbc80000,0x00000000fbc80000,0x0000000100000000)
 ParOldGen       total 265728K, used 154000K [0x00000000a0000000, 0x00000000b0380000, 0x00000000e0000000)
  object space 265728K, 57% used [0x00000000a0000000,0x00000000a96641e0,0x00000000b0380000)
 Metaspace       used 118410K, capacity 124006K, committed 124248K, reserved 1157120K
  class space    used 14374K, capacity 15681K, committed 15704K, reserved 1048576K
}
Event: 1310.546 GC heap before
{Heap before GC invocations=38 (full 4):
 PSYoungGen      total 453632K, used 383457K [0x00000000e0000000, 0x0000000100000000, 0x0000000100000000)
  eden space 382976K, 99% used [0x00000000e0000000,0x00000000f73d0ef0,0x00000000f7600000)
  from space 70656K, 3% used [0x00000000f7600000,0x00000000f78a75f8,0x00000000fbb00000)
  to   space 69120K, 0% used [0x00000000fbc80000,0x00000000fbc80000,0x0000000100000000)
 ParOldGen       total 265728K, used 154000K [0x00000000a0000000, 0x00000000b0380000, 0x00000000e0000000)
  object space 265728K, 57% used [0x00000000a0000000,0x00000000a96641e0,0x00000000b0380000)
 Metaspace       used 119057K, capacity 124800K, committed 124888K, reserved 1159168K
  class space    used 14467K, capacity 15794K, committed 15832K, reserved 1048576K
Event: 1310.568 GC heap after
Heap after GC invocations=38 (full 4):
 PSYoungGen      total 434688K, used 61605K [0x00000000e0000000, 0x0000000100000000, 0x0000000100000000)
  eden space 365568K, 0% used [0x00000000e0000000,0x00000000e0000000,0x00000000f6500000)
  from space 69120K, 89% used [0x00000000fbc80000,0x00000000ff8a94c8,0x0000000100000000)
  to   space 79360K, 0% used [0x00000000f6500000,0x00000000f6500000,0x00000000fb280000)
 ParOldGen       total 265728K, used 154901K [0x00000000a0000000, 0x00000000b0380000, 0x00000000e0000000)
  object space 265728K, 58% used [0x00000000a0000000,0x00000000a97457c0,0x00000000b0380000)
 Metaspace       used 119057K, capacity 124800K, committed 124888K, reserved 1159168K
  class space    used 14467K, capacity 15794K, committed 15832K, reserved 1048576K
}
Event: 1318.955 GC heap before
{Heap before GC invocations=39 (full 4):
 PSYoungGen      total 434688K, used 426894K [0x00000000e0000000, 0x0000000100000000, 0x0000000100000000)
  eden space 365568K, 99% used [0x00000000e0000000,0x00000000f64ba6a8,0x00000000f6500000)
  from space 69120K, 89% used [0x00000000fbc80000,0x00000000ff8a94c8,0x0000000100000000)
  to   space 79360K, 0% used [0x00000000f6500000,0x00000000f6500000,0x00000000fb280000)
 ParOldGen       total 265728K, used 154901K [0x00000000a0000000, 0x00000000b0380000, 0x00000000e0000000)
  object space 265728K, 58% used [0x00000000a0000000,0x00000000a97457c0,0x00000000b0380000)
 Metaspace       used 119120K, capacity 124822K, committed 124888K, reserved 1159168K
  class space    used 14473K, capacity 15797K, committed 15832K, reserved 1048576K
Event: 1319.063 GC heap after
Heap after GC invocations=39 (full 4):
 PSYoungGen      total 444928K, used 79343K [0x00000000e0000000, 0x0000000100000000, 0x0000000100000000)
  eden space 365568K, 0% used [0x00000000e0000000,0x00000000e0000000,0x00000000f6500000)
  from space 79360K, 99% used [0x00000000f6500000,0x00000000fb27bf70,0x00000000fb280000)
  to   space 79360K, 0% used [0x00000000fb280000,0x00000000fb280000,0x0000000100000000)
 ParOldGen       total 265728K, used 249547K [0x00000000a0000000, 0x00000000b0380000, 0x00000000e0000000)
  object space 265728K, 93% used [0x00000000a0000000,0x00000000af3b2c50,0x00000000b0380000)
 Metaspace       used 119120K, capacity 124822K, committed 124888K, reserved 1159168K
  class space    used 14473K, capacity 15797K, committed 15832K, reserved 1048576K
}
Event: 1319.076 GC heap before
{Heap before GC invocations=40 (full 5):
 PSYoungGen      total 444928K, used 79343K [0x00000000e0000000, 0x0000000100000000, 0x0000000100000000)
  eden space 365568K, 0% used [0x00000000e0000000,0x00000000e0000000,0x00000000f6500000)
  from space 79360K, 99% used [0x00000000f6500000,0x00000000fb27bf70,0x00000000fb280000)
  to   space 79360K, 0% used [0x00000000fb280000,0x00000000fb280000,0x0000000100000000)
 ParOldGen       total 265728K, used 249547K [0x00000000a0000000, 0x00000000b0380000, 0x00000000e0000000)
  object space 265728K, 93% used [0x00000000a0000000,0x00000000af3b2c50,0x00000000b0380000)
 Metaspace       used 119120K, capacity 124822K, committed 124888K, reserved 1159168K
  class space    used 14473K, capacity 15797K, committed 15832K, reserved 1048576K

